 2023-05-23 13:47:48,926 ERROR - [m1 ->m1111] day1.Testapp.m1(Testapp.java:38) 38 
2023-05-23 13:47:48,926 ERROR 2023-05-23 13:47:48,942 INFO - [main ->info messahe] day1.Testapp.main(Testapp.java:29) 29 
2023-05-23 13:47:48,942 INFO 2023-05-23 13:47:48,942 DEBUG - [main ->debug message] day1.Testapp.main(Testapp.java:30) 30 
2023-05-23 13:47:48,942 DEBUG 2023-05-23 13:47:48,942 ERROR - [main ->jaGXJh] day1.Testapp.main(Testapp.java:31) 31 
2023-05-23 13:47:48,942 ERROR2023-05-23 14:20:05,297 INFO2023-05-23 14:21:22,265 INFO2023-05-23 14:21:22,266 INFO2023-05-23 14:22:05,708 INFO2023-05-23 14:22:05,709 INFO2023-05-23 14:22:26,365 INFO2023-05-23 14:22:26,366 FATAL2023-05-23 14:33:08,961 ERROR 
2023-05-23 14:33:08,961 INFO 
2023-05-23 14:33:08,961 DEBUG 
2023-05-23 14:33:08,961 ERROR 
2023-05-23 14:34:22,384 ERROR 
2023-05-23 14:34:22,385 INFO 
2023-05-23 14:34:22,385 DEBUG 
2023-05-23 14:34:22,385 ERROR 
2023-05-23 14:37:06,967 INFO 
2023-05-23 14:37:06,983 FATAL 
2023-05-23 14:43:52,041 ERROR 
2023-05-23 14:43:52,041 INFO 
2023-05-23 14:43:52,057 DEBUG 
2023-05-23 14:43:52,057 ERROR 
2023-05-23 14:45:06,775 INFO 
2023-05-23 14:45:06,776 FATAL 
